TN:
SF:src/analyzers/CiAnalyzer.ts
FN:15,(anonymous_0)
FN:22,(anonymous_1)
FN:30,(anonymous_2)
FN:57,(anonymous_3)
FN:67,(anonymous_4)
FN:83,(anonymous_5)
FN:243,(anonymous_6)
FN:303,(anonymous_7)
FN:332,(anonymous_8)
FN:363,(anonymous_9)
FN:392,(anonymous_10)
FN:423,(anonymous_11)
FN:439,(anonymous_12)
FN:446,(anonymous_13)
FN:455,(anonymous_14)
FN:469,(anonymous_15)
FN:478,(anonymous_16)
FN:494,(anonymous_17)
FN:501,(anonymous_18)
FN:507,(anonymous_19)
FN:543,(anonymous_20)
FN:587,(anonymous_21)
FN:593,(anonymous_22)
FN:605,(anonymous_23)
FN:637,(anonymous_24)
FN:658,(anonymous_25)
FNF:26
FNH:20
FNDA:7,(anonymous_0)
FNDA:8,(anonymous_1)
FNDA:9,(anonymous_2)
FNDA:8,(anonymous_3)
FNDA:9,(anonymous_4)
FNDA:9,(anonymous_5)
FNDA:0,(anonymous_6)
FNDA:0,(anonymous_7)
FNDA:0,(anonymous_8)
FNDA:0,(anonymous_9)
FNDA:0,(anonymous_10)
FNDA:9,(anonymous_11)
FNDA:0,(anonymous_12)
FNDA:9,(anonymous_13)
FNDA:9,(anonymous_14)
FNDA:9,(anonymous_15)
FNDA:9,(anonymous_16)
FNDA:9,(anonymous_17)
FNDA:68,(anonymous_18)
FNDA:10,(anonymous_19)
FNDA:9,(anonymous_20)
FNDA:9,(anonymous_21)
FNDA:68,(anonymous_22)
FNDA:29,(anonymous_23)
FNDA:8,(anonymous_24)
FNDA:8,(anonymous_25)
DA:13,6
DA:16,7
DA:17,7
DA:19,7
DA:23,8
DA:24,8
DA:27,8
DA:28,8
DA:29,8
DA:30,9
DA:32,8
DA:33,9
DA:34,9
DA:35,9
DA:40,8
DA:41,8
DA:42,0
DA:43,0
DA:46,8
DA:48,8
DA:58,8
DA:59,8
DA:62,8
DA:65,8
DA:66,8
DA:67,9
DA:70,8
DA:73,8
DA:84,9
DA:86,9
DA:89,9
DA:90,9
DA:92,0
DA:113,0
DA:117,9
DA:118,6
DA:148,9
DA:149,6
DA:173,9
DA:174,6
DA:198,9
DA:199,6
DA:223,9
DA:224,9
DA:225,0
DA:229,9
DA:230,9
DA:231,1
DA:235,9
DA:236,9
DA:237,6
DA:240,9
DA:244,0
DA:246,0
DA:249,0
DA:250,0
DA:252,0
DA:273,0
DA:277,0
DA:278,0
DA:302,0
DA:303,0
DA:304,0
DA:307,0
DA:308,0
DA:332,0
DA:333,0
DA:337,0
DA:338,0
DA:362,0
DA:363,0
DA:366,0
DA:367,0
DA:391,0
DA:392,0
DA:395,0
DA:396,0
DA:419,0
DA:424,9
DA:426,9
DA:427,15
DA:428,15
DA:429,15
DA:430,54
DA:431,3
DA:436,6
DA:440,0
DA:441,0
DA:443,0
DA:447,9
DA:449,9
DA:450,15
DA:452,6
DA:456,9
DA:458,9
DA:459,9
DA:460,9
DA:461,18
DA:462,9
DA:466,0
DA:470,9
DA:472,9
DA:473,15
DA:475,6
DA:479,9
DA:481,9
DA:482,9
DA:484,7
DA:485,14
DA:488,6
DA:495,9
DA:497,9
DA:498,16
DA:501,16
DA:502,68
DA:505,16
DA:507,2
DA:508,10
DA:511,2
DA:512,0
DA:537,9
DA:544,9
DA:546,9
DA:547,16
DA:550,16
DA:551,16
DA:552,16
DA:555,16
DA:556,1
DA:581,8
DA:588,9
DA:589,9
DA:591,9
DA:592,16
DA:593,68
DA:594,16
DA:598,9
DA:599,9
DA:600,10
DA:601,7
DA:602,7
DA:605,29
DA:606,7
DA:608,7
DA:609,6
DA:634,3
DA:638,8
DA:640,8
DA:642,8
DA:644,31
DA:645,31
DA:647,31
DA:648,0
DA:649,6
DA:650,18
DA:651,7
DA:655,8
DA:659,8
DA:661,8
DA:663,31
DA:664,31
DA:665,12
DA:666,12
DA:670,8
LF:164
LH:127
BRDA:19,0,0,7
BRDA:19,0,1,4
BRDA:28,1,0,8
BRDA:28,1,1,0
BRDA:30,2,0,9
BRDA:30,2,1,0
BRDA:41,3,0,0
BRDA:41,3,1,8
BRDA:59,4,0,8
BRDA:59,4,1,0
BRDA:65,5,0,8
BRDA:65,5,1,0
BRDA:67,6,0,9
BRDA:67,6,1,0
BRDA:117,7,0,6
BRDA:117,7,1,3
BRDA:148,8,0,6
BRDA:148,8,1,3
BRDA:148,9,0,9
BRDA:148,9,1,9
BRDA:173,10,0,6
BRDA:173,10,1,3
BRDA:198,11,0,6
BRDA:198,11,1,3
BRDA:224,12,0,0
BRDA:224,12,1,9
BRDA:230,13,0,1
BRDA:230,13,1,8
BRDA:236,14,0,6
BRDA:236,14,1,3
BRDA:277,15,0,0
BRDA:277,15,1,0
BRDA:302,16,0,0
BRDA:302,16,1,0
BRDA:304,17,0,0
BRDA:304,17,1,0
BRDA:304,17,2,0
BRDA:304,17,3,0
BRDA:307,18,0,0
BRDA:307,18,1,0
BRDA:307,19,0,0
BRDA:307,19,1,0
BRDA:333,20,0,0
BRDA:333,20,1,0
BRDA:333,20,2,0
BRDA:333,20,3,0
BRDA:333,20,4,0
BRDA:337,21,0,0
BRDA:337,21,1,0
BRDA:337,22,0,0
BRDA:337,22,1,0
BRDA:363,23,0,0
BRDA:363,23,1,0
BRDA:363,23,2,0
BRDA:363,23,3,0
BRDA:363,23,4,0
BRDA:366,24,0,0
BRDA:366,24,1,0
BRDA:392,25,0,0
BRDA:392,25,1,0
BRDA:392,25,2,0
BRDA:392,25,3,0
BRDA:392,25,4,0
BRDA:395,26,0,0
BRDA:395,26,1,0
BRDA:395,27,0,0
BRDA:395,27,1,0
BRDA:424,28,0,0
BRDA:424,28,1,9
BRDA:428,29,0,15
BRDA:428,29,1,0
BRDA:430,30,0,3
BRDA:430,30,1,51
BRDA:430,31,0,54
BRDA:430,31,1,54
BRDA:441,32,0,0
BRDA:441,32,1,0
BRDA:447,33,0,0
BRDA:447,33,1,9
BRDA:450,34,0,3
BRDA:450,34,1,12
BRDA:456,35,0,0
BRDA:456,35,1,9
BRDA:459,36,0,9
BRDA:459,36,1,0
BRDA:461,37,0,9
BRDA:461,37,1,9
BRDA:470,38,0,0
BRDA:470,38,1,9
BRDA:473,39,0,3
BRDA:473,39,1,12
BRDA:479,40,0,0
BRDA:479,40,1,9
BRDA:482,41,0,2
BRDA:482,41,1,7
BRDA:485,42,0,1
BRDA:485,42,1,13
BRDA:495,43,0,9
BRDA:495,43,1,0
BRDA:498,44,0,16
BRDA:498,44,1,0
BRDA:502,45,0,68
BRDA:502,45,1,66
BRDA:505,46,0,2
BRDA:505,46,1,14
BRDA:508,47,0,10
BRDA:508,47,1,10
BRDA:511,48,0,0
BRDA:511,48,1,2
BRDA:544,49,0,9
BRDA:544,49,1,0
BRDA:547,50,0,16
BRDA:547,50,1,0
BRDA:550,51,0,16
BRDA:550,51,1,0
BRDA:550,52,0,16
BRDA:550,52,1,16
BRDA:551,53,0,16
BRDA:551,53,1,0
BRDA:555,54,0,1
BRDA:555,54,1,15
BRDA:588,55,0,9
BRDA:588,55,1,0
BRDA:592,56,0,16
BRDA:592,56,1,0
BRDA:593,57,0,68
BRDA:593,57,1,20
BRDA:593,57,2,18
BRDA:593,57,3,0
BRDA:608,58,0,6
BRDA:608,58,1,1
BRDA:608,59,0,7
BRDA:608,59,1,6
BRDA:644,60,0,0
BRDA:644,60,1,31
BRDA:647,61,0,0
BRDA:647,61,1,6
BRDA:647,61,2,18
BRDA:647,61,3,7
BRDA:664,62,0,12
BRDA:664,62,1,19
BRF:141
BRH:76
end_of_record
TN:
SF:src/analyzers/DepsAnalyzer.ts
FN:27,(anonymous_0)
FN:34,(anonymous_1)
FN:38,(anonymous_2)
FN:233,(anonymous_3)
FN:256,(anonymous_4)
FN:290,(anonymous_5)
FN:329,(anonymous_6)
FN:351,(anonymous_7)
FN:367,(anonymous_8)
FN:382,(anonymous_9)
FN:386,(anonymous_10)
FN:390,(anonymous_11)
FN:394,(anonymous_12)
FN:407,(anonymous_13)
FN:412,(anonymous_14)
FN:430,(anonymous_15)
FN:454,(anonymous_16)
FN:508,(anonymous_17)
FN:595,(anonymous_18)
FNF:19
FNH:17
FNDA:6,(anonymous_0)
FNDA:7,(anonymous_1)
FNDA:14,(anonymous_2)
FNDA:14,(anonymous_3)
FNDA:0,(anonymous_4)
FNDA:0,(anonymous_5)
FNDA:14,(anonymous_6)
FNDA:14,(anonymous_7)
FNDA:14,(anonymous_8)
FNDA:14,(anonymous_9)
FNDA:6,(anonymous_10)
FNDA:6,(anonymous_11)
FNDA:6,(anonymous_12)
FNDA:28,(anonymous_13)
FNDA:18323,(anonymous_14)
FNDA:14,(anonymous_15)
FNDA:14,(anonymous_16)
FNDA:14,(anonymous_17)
FNDA:14,(anonymous_18)
DA:24,6
DA:28,6
DA:35,7
DA:39,14
DA:40,14
DA:43,14
DA:44,14
DA:45,14
DA:46,14
DA:49,14
DA:51,14
DA:53,14
DA:54,0
DA:58,14
DA:59,0
DA:63,14
DA:64,0
DA:65,0
DA:94,14
DA:95,4
DA:119,14
DA:120,0
DA:148,14
DA:149,0
DA:177,14
DA:178,14
DA:179,1
DA:208,14
DA:209,14
DA:212,14
DA:213,14
DA:216,14
DA:217,14
DA:219,14
DA:221,14
DA:238,14
DA:240,14
DA:251,3
DA:253,3
DA:256,0
DA:266,11
DA:267,11
DA:269,11
DA:270,11
DA:271,11
DA:272,11
DA:283,0
DA:295,0
DA:299,0
DA:330,14
DA:331,14
DA:332,14
DA:334,14
DA:335,14
DA:336,14
DA:337,11
DA:340,14
DA:352,14
DA:354,14
DA:355,14
DA:356,14
DA:357,14
DA:358,14
DA:359,14
DA:360,13
DA:361,13
DA:362,3
DA:364,3
DA:368,14
DA:370,14
DA:371,6
DA:372,0
DA:373,0
DA:374,5
DA:375,1
DA:379,14
DA:383,14
DA:386,14
DA:387,14
DA:390,14
DA:391,14
DA:394,14
DA:395,14
DA:396,0
DA:399,14
DA:408,28
DA:409,28
DA:413,18323
DA:415,18323
DA:416,18323
DA:417,137232
DA:418,137232
DA:420,137232
DA:421,18312
DA:423,118920
DA:427,18323
DA:431,14
DA:434,14
DA:435,14
DA:437,14
DA:438,52
DA:439,1
DA:447,14
DA:455,14
DA:456,14
DA:462,14
DA:472,14
DA:473,133
DA:474,0
DA:501,14
DA:509,14
DA:510,0
DA:513,14
DA:515,14
DA:516,14
DA:526,13
DA:528,13
DA:529,0
DA:531,0
DA:532,0
DA:533,0
DA:535,0
DA:563,1
DA:564,1
DA:565,1
DA:566,1
DA:567,1
DA:568,1
DA:569,1
DA:588,14
DA:596,14
DA:597,0
DA:600,14
DA:602,14
DA:603,14
DA:614,10
DA:617,4
DA:618,4
DA:619,4
DA:620,4
DA:621,4
DA:622,0
DA:623,0
DA:624,0
DA:626,0
DA:646,4
LF:146
LH:121
BRDA:27,0,0,6
BRDA:51,1,0,14
BRDA:51,1,1,0
BRDA:53,2,0,14
BRDA:53,2,1,0
BRDA:58,3,0,14
BRDA:58,3,1,0
BRDA:63,4,0,14
BRDA:63,4,1,0
BRDA:64,5,0,0
BRDA:64,5,1,0
BRDA:83,6,0,0
BRDA:83,6,1,0
BRDA:94,7,0,4
BRDA:94,7,1,10
BRDA:94,8,0,14
BRDA:94,8,1,4
BRDA:94,8,2,4
BRDA:119,9,0,0
BRDA:119,9,1,14
BRDA:119,10,0,14
BRDA:119,10,1,0
BRDA:148,11,0,0
BRDA:148,11,1,14
BRDA:254,12,0,3
BRDA:254,12,1,3
BRDA:255,13,0,3
BRDA:255,13,1,3
BRDA:256,14,0,3
BRDA:256,14,1,3
BRDA:257,15,0,0
BRDA:257,15,1,0
BRDA:267,16,0,11
BRDA:267,16,1,11
BRDA:267,16,2,0
BRDA:270,17,0,11
BRDA:270,17,1,0
BRDA:273,18,0,11
BRDA:273,18,1,11
BRDA:273,18,2,11
BRDA:274,19,0,11
BRDA:274,19,1,11
BRDA:274,19,2,11
BRDA:293,20,0,0
BRDA:295,21,0,0
BRDA:295,21,1,0
BRDA:295,21,2,0
BRDA:295,22,0,0
BRDA:295,22,1,0
BRDA:296,23,0,0
BRDA:296,23,1,0
BRDA:302,24,0,0
BRDA:302,24,1,0
BRDA:303,25,0,0
BRDA:303,25,1,0
BRDA:321,26,0,0
BRDA:321,26,1,0
BRDA:331,27,0,14
BRDA:331,27,1,3
BRDA:332,28,0,14
BRDA:332,28,1,3
BRDA:336,29,0,11
BRDA:336,29,1,3
BRDA:344,30,0,14
BRDA:344,30,1,4
BRDA:354,31,0,0
BRDA:354,31,1,14
BRDA:354,32,0,14
BRDA:354,32,1,14
BRDA:355,33,0,0
BRDA:355,33,1,14
BRDA:356,34,0,0
BRDA:356,34,1,14
BRDA:357,35,0,0
BRDA:357,35,1,14
BRDA:357,36,0,14
BRDA:357,36,1,14
BRDA:358,37,0,0
BRDA:358,37,1,14
BRDA:359,38,0,1
BRDA:359,38,1,13
BRDA:359,39,0,14
BRDA:359,39,1,13
BRDA:359,39,2,13
BRDA:360,40,0,0
BRDA:360,40,1,13
BRDA:360,41,0,13
BRDA:360,41,1,13
BRDA:361,42,0,10
BRDA:361,42,1,3
BRDA:362,43,0,0
BRDA:362,43,1,3
BRDA:371,44,0,0
BRDA:371,44,1,0
BRDA:371,44,2,5
BRDA:371,44,3,1
BRDA:395,45,0,0
BRDA:395,45,1,14
BRDA:395,46,0,14
BRDA:395,46,1,0
BRDA:402,47,0,0
BRDA:402,47,1,14
BRDA:420,48,0,18312
BRDA:420,48,1,118920
BRDA:434,49,0,14
BRDA:434,49,1,3
BRDA:435,50,0,14
BRDA:435,50,1,3
BRDA:438,51,0,1
BRDA:438,51,1,51
BRDA:473,52,0,0
BRDA:473,52,1,133
BRDA:509,53,0,0
BRDA:509,53,1,14
BRDA:539,54,0,0
BRDA:539,54,1,0
BRDA:545,55,0,0
BRDA:545,55,1,0
BRDA:545,56,0,0
BRDA:545,56,1,0
BRDA:564,57,0,1
BRDA:564,57,1,0
BRDA:565,58,0,1
BRDA:565,58,1,0
BRDA:596,59,0,0
BRDA:596,59,1,14
BRDA:618,60,0,4
BRDA:618,60,1,0
BRDA:619,61,0,4
BRDA:619,61,1,0
BRDA:621,62,0,0
BRDA:621,62,1,4
BRDA:624,63,0,0
BRDA:624,63,1,0
BRDA:624,64,0,0
BRDA:624,64,1,0
BRDA:625,65,0,0
BRDA:625,65,1,0
BRDA:635,66,0,0
BRDA:635,66,1,0
BRDA:635,67,0,0
BRDA:635,67,1,0
BRF:142
BRH:77
end_of_record
TN:
SF:src/analyzers/DockerAnalyzer.ts
FN:26,(anonymous_0)
FN:33,(anonymous_1)
FN:39,(anonymous_2)
FN:222,(anonymous_3)
FN:234,(anonymous_4)
FN:249,(anonymous_5)
FN:276,(anonymous_6)
FN:284,(anonymous_7)
FN:288,(anonymous_8)
FN:292,(anonymous_9)
FN:297,(anonymous_10)
FN:304,(anonymous_11)
FN:310,(anonymous_12)
FN:320,(anonymous_13)
FN:324,(anonymous_14)
FN:334,(anonymous_15)
FN:377,(anonymous_16)
FN:382,(anonymous_17)
FN:422,(anonymous_18)
FN:459,(anonymous_19)
FNF:20
FNH:19
FNDA:6,(anonymous_0)
FNDA:7,(anonymous_1)
FNDA:12,(anonymous_2)
FNDA:12,(anonymous_3)
FNDA:12,(anonymous_4)
FNDA:12,(anonymous_5)
FNDA:12,(anonymous_6)
FNDA:12,(anonymous_7)
FNDA:12,(anonymous_8)
FNDA:12,(anonymous_9)
FNDA:12,(anonymous_10)
FNDA:12,(anonymous_11)
FNDA:12,(anonymous_12)
FNDA:12,(anonymous_13)
FNDA:319,(anonymous_14)
FNDA:115,(anonymous_15)
FNDA:12,(anonymous_16)
FNDA:0,(anonymous_17)
FNDA:12,(anonymous_18)
FNDA:12,(anonymous_19)
DA:23,6
DA:27,6
DA:34,7
DA:35,7
DA:36,7
DA:40,12
DA:41,12
DA:44,12
DA:45,12
DA:48,12
DA:49,11
DA:79,12
DA:80,11
DA:106,12
DA:107,12
DA:108,11
DA:134,12
DA:135,12
DA:162,12
DA:163,12
DA:164,8
DA:190,12
DA:191,12
DA:192,8
DA:196,12
DA:197,12
DA:198,0
DA:202,12
DA:203,12
DA:204,0
DA:208,12
DA:209,12
DA:211,12
DA:213,12
DA:223,12
DA:235,12
DA:237,12
DA:238,61
DA:239,0
DA:240,22
DA:241,31
DA:242,8
DA:246,12
DA:250,12
DA:251,12
DA:253,12
DA:254,61
DA:256,61
DA:257,61
DA:258,50
DA:261,61
DA:262,0
DA:263,0
DA:264,0
DA:269,12
DA:277,12
DA:278,12
DA:280,12
DA:281,12
DA:285,12
DA:289,12
DA:293,12
DA:294,12
DA:298,12
DA:305,12
DA:311,12
DA:312,12
DA:313,12
DA:314,12
DA:321,12
DA:322,12
DA:324,12
DA:325,319
DA:326,115
DA:331,12
DA:332,12
DA:334,12
DA:335,115
DA:336,98
DA:338,17
DA:339,17
DA:342,12
DA:344,12
DA:345,8
DA:371,4
DA:378,12
DA:380,12
DA:382,0
DA:383,0
DA:385,0
DA:388,0
DA:389,0
DA:416,12
DA:423,12
DA:424,12
DA:426,12
DA:427,0
DA:452,12
DA:460,12
DA:461,0
DA:464,12
DA:466,12
DA:467,12
DA:468,12
DA:477,0
DA:479,0
DA:481,0
DA:484,0
DA:512,12
DA:513,0
DA:537,12
LF:111
LH:93
BRDA:26,0,0,6
BRDA:36,1,0,7
BRDA:36,1,1,3
BRDA:48,2,0,11
BRDA:48,2,1,1
BRDA:79,3,0,11
BRDA:79,3,1,1
BRDA:107,4,0,11
BRDA:107,4,1,1
BRDA:107,5,0,12
BRDA:107,5,1,12
BRDA:134,6,0,12
BRDA:134,6,1,0
BRDA:163,7,0,8
BRDA:163,7,1,4
BRDA:191,8,0,8
BRDA:191,8,1,4
BRDA:197,9,0,0
BRDA:197,9,1,12
BRDA:203,10,0,0
BRDA:203,10,1,12
BRDA:227,11,0,12
BRDA:227,11,1,12
BRDA:238,12,0,0
BRDA:238,12,1,22
BRDA:238,12,2,31
BRDA:238,12,3,8
BRDA:254,13,0,61
BRDA:254,13,1,0
BRDA:257,14,0,50
BRDA:257,14,1,11
BRDA:258,15,0,50
BRDA:258,15,1,0
BRDA:261,16,0,0
BRDA:261,16,1,61
BRDA:263,17,0,0
BRDA:263,17,1,0
BRDA:280,18,0,12
BRDA:280,18,1,0
BRDA:294,19,0,12
BRDA:294,19,1,0
BRDA:298,20,0,12
BRDA:298,20,1,11
BRDA:298,20,2,11
BRDA:298,20,3,11
BRDA:305,21,0,12
BRDA:305,21,1,12
BRDA:305,21,2,12
BRDA:311,22,0,12
BRDA:311,22,1,2
BRDA:312,23,0,12
BRDA:312,23,1,3
BRDA:313,24,0,12
BRDA:313,24,1,12
BRDA:325,25,0,115
BRDA:325,25,1,204
BRDA:335,26,0,98
BRDA:335,26,1,17
BRDA:335,27,0,115
BRDA:335,27,1,105
BRDA:338,28,0,8
BRDA:338,28,1,9
BRDA:342,29,0,8
BRDA:342,29,1,4
BRDA:344,30,0,8
BRDA:344,30,1,4
BRDA:380,31,0,0
BRDA:380,31,1,12
BRDA:380,32,0,12
BRDA:380,32,1,0
BRDA:385,33,0,0
BRDA:385,33,1,0
BRDA:385,33,2,0
BRDA:388,34,0,0
BRDA:388,34,1,0
BRDA:424,35,0,12
BRDA:424,35,1,12
BRDA:426,36,0,0
BRDA:426,36,1,12
BRDA:426,37,0,12
BRDA:426,37,1,3
BRDA:460,38,0,0
BRDA:460,38,1,12
BRDA:481,39,0,0
BRDA:481,39,1,0
BRDA:482,40,0,0
BRDA:482,40,1,0
BRDA:512,41,0,0
BRDA:512,41,1,12
BRF:89
BRH:64
end_of_record
TN:
SF:src/baseline/BaselineManager.ts
FN:30,(anonymous_0)
FN:37,(anonymous_1)
FN:71,(anonymous_2)
FN:85,(anonymous_3)
FN:99,(anonymous_4)
FN:161,(anonymous_5)
FN:187,(anonymous_6)
FN:201,(anonymous_7)
FNF:8
FNH:7
FNDA:8,(anonymous_0)
FNDA:4,(anonymous_1)
FNDA:4,(anonymous_2)
FNDA:0,(anonymous_3)
FNDA:2,(anonymous_4)
FNDA:4,(anonymous_5)
FNDA:12,(anonymous_6)
FNDA:2,(anonymous_7)
DA:31,8
DA:43,4
DA:44,4
DA:47,4
DA:59,4
DA:60,4
DA:63,4
DA:65,4
DA:72,4
DA:74,4
DA:75,2
DA:78,2
DA:79,2
DA:86,0
DA:88,0
DA:89,0
DA:92,0
DA:93,0
DA:112,2
DA:114,2
DA:126,2
DA:127,1
DA:141,1
DA:143,1
DA:151,1
DA:162,4
DA:164,4
DA:169,4
DA:170,0
DA:171,0
DA:174,4
DA:177,4
DA:178,0
DA:181,4
DA:188,12
DA:190,12
DA:191,4
DA:192,4
DA:195,12
DA:206,2
DA:208,2
DA:209,1
DA:210,1
DA:211,1
DA:212,1
DA:215,1
DA:218,1
DA:219,1
DA:220,1
DA:221,1
DA:222,1
DA:223,1
DA:225,1
DA:226,0
DA:227,0
DA:228,0
DA:230,0
DA:231,0
DA:235,1
LF:59
LH:46
BRDA:43,0,0,4
BRDA:43,0,1,0
BRDA:74,1,0,2
BRDA:74,1,1,2
BRDA:88,2,0,0
BRDA:88,2,1,0
BRDA:126,3,0,1
BRDA:126,3,1,1
BRDA:141,4,0,1
BRDA:141,4,1,1
BRDA:148,5,0,0
BRDA:148,5,1,1
BRDA:169,6,0,0
BRDA:169,6,1,4
BRDA:177,7,0,0
BRDA:177,7,1,4
BRDA:192,8,0,4
BRDA:192,8,1,4
BRDA:208,9,0,1
BRDA:208,9,1,1
BRDA:215,10,0,1
BRDA:215,10,1,0
BRDA:216,11,0,0
BRDA:216,11,1,0
BRDA:222,12,0,1
BRDA:222,12,1,0
BRDA:225,13,0,0
BRDA:225,13,1,1
BRDA:230,14,0,0
BRDA:230,14,1,0
BRF:30
BRH:17
end_of_record
TN:
SF:src/commands/analyze.ts
FN:28,analyzeCommand
FN:69,(anonymous_1)
FN:158,(anonymous_2)
FN:169,(anonymous_3)
FN:170,(anonymous_4)
FN:212,calculateScore
FNF:6
FNH:0
FNDA:0,analyzeCommand
FNDA:0,(anonymous_1)
FNDA:0,(anonymous_2)
FNDA:0,(anonymous_3)
FNDA:0,(anonymous_4)
FNDA:0,calculateScore
DA:29,0
DA:32,0
DA:33,0
DA:34,0
DA:38,0
DA:40,0
DA:41,0
DA:45,0
DA:46,0
DA:48,0
DA:49,0
DA:51,0
DA:52,0
DA:53,0
DA:54,0
DA:58,0
DA:59,0
DA:60,0
DA:62,0
DA:63,0
DA:64,0
DA:67,0
DA:69,0
DA:72,0
DA:73,0
DA:74,0
DA:75,0
DA:76,0
DA:82,0
DA:83,0
DA:84,0
DA:85,0
DA:87,0
DA:88,0
DA:89,0
DA:90,0
DA:91,0
DA:92,0
DA:93,0
DA:96,0
DA:97,0
DA:103,0
DA:104,0
DA:105,0
DA:106,0
DA:108,0
DA:109,0
DA:110,0
DA:111,0
DA:112,0
DA:113,0
DA:114,0
DA:117,0
DA:118,0
DA:124,0
DA:125,0
DA:126,0
DA:127,0
DA:129,0
DA:130,0
DA:131,0
DA:132,0
DA:133,0
DA:134,0
DA:137,0
DA:138,0
DA:143,0
DA:144,0
DA:147,0
DA:148,0
DA:149,0
DA:151,0
DA:155,0
DA:156,0
DA:158,0
DA:159,0
DA:160,0
DA:161,0
DA:165,0
DA:168,0
DA:169,0
DA:170,0
DA:173,0
DA:174,0
DA:177,0
DA:178,0
DA:182,0
DA:196,0
DA:198,0
DA:200,0
DA:201,0
DA:203,0
DA:204,0
DA:205,0
DA:207,0
DA:208,0
DA:213,0
DA:216,0
DA:218,0
DA:220,0
DA:221,0
DA:224,0
DA:225,0
DA:226,0
DA:227,0
DA:228,0
DA:232,0
LF:107
LH:0
BRDA:32,0,0,0
BRDA:32,0,1,0
BRDA:40,1,0,0
BRDA:40,1,1,0
BRDA:45,2,0,0
BRDA:45,2,1,0
BRDA:51,3,0,0
BRDA:51,3,1,0
BRDA:67,4,0,0
BRDA:67,4,1,0
BRDA:72,5,0,0
BRDA:72,5,1,0
BRDA:74,6,0,0
BRDA:74,6,1,0
BRDA:76,7,0,0
BRDA:76,7,1,0
BRDA:82,8,0,0
BRDA:82,8,1,0
BRDA:83,9,0,0
BRDA:83,9,1,0
BRDA:84,10,0,0
BRDA:84,10,1,0
BRDA:92,11,0,0
BRDA:92,11,1,0
BRDA:96,12,0,0
BRDA:96,12,1,0
BRDA:103,13,0,0
BRDA:103,13,1,0
BRDA:104,14,0,0
BRDA:104,14,1,0
BRDA:105,15,0,0
BRDA:105,15,1,0
BRDA:113,16,0,0
BRDA:113,16,1,0
BRDA:117,17,0,0
BRDA:117,17,1,0
BRDA:124,18,0,0
BRDA:124,18,1,0
BRDA:125,19,0,0
BRDA:125,19,1,0
BRDA:126,20,0,0
BRDA:126,20,1,0
BRDA:133,21,0,0
BRDA:133,21,1,0
BRDA:137,22,0,0
BRDA:137,22,1,0
BRDA:143,23,0,0
BRDA:143,23,1,0
BRDA:147,24,0,0
BRDA:147,24,1,0
BRDA:148,25,0,0
BRDA:148,25,1,0
BRDA:160,26,0,0
BRDA:160,26,1,0
BRDA:169,27,0,0
BRDA:169,27,1,0
BRDA:170,28,0,0
BRDA:170,28,1,0
BRDA:173,29,0,0
BRDA:173,29,1,0
BRDA:173,30,0,0
BRDA:173,30,1,0
BRDA:177,31,0,0
BRDA:177,31,1,0
BRDA:198,32,0,0
BRDA:198,32,1,0
BRDA:198,32,2,0
BRDA:220,33,0,0
BRDA:220,33,1,0
BRDA:224,34,0,0
BRDA:224,34,1,0
BRDA:224,34,2,0
BRDA:224,34,3,0
BRF:73
BRH:0
end_of_record
TN:
SF:src/commands/baseline.ts
FN:20,baselineCommand
FNF:1
FNH:0
FNDA:0,baselineCommand
DA:21,0
DA:23,0
DA:24,0
DA:25,0
DA:28,0
DA:29,0
DA:31,0
DA:34,0
DA:35,0
DA:38,0
DA:44,0
DA:45,0
DA:46,0
DA:47,0
DA:49,0
DA:50,0
DA:51,0
DA:52,0
DA:53,0
DA:54,0
DA:55,0
DA:56,0
DA:57,0
DA:61,0
DA:62,0
DA:63,0
DA:64,0
DA:65,0
DA:66,0
DA:70,0
DA:71,0
DA:74,0
DA:80,0
DA:81,0
DA:82,0
DA:83,0
DA:85,0
DA:86,0
DA:87,0
DA:88,0
DA:89,0
DA:90,0
DA:91,0
DA:92,0
DA:96,0
DA:103,0
DA:105,0
DA:106,0
DA:107,0
DA:109,0
DA:113,0
DA:114,0
DA:116,0
DA:118,0
DA:119,0
DA:120,0
DA:123,0
DA:124,0
DA:125,0
DA:127,0
DA:128,0
DA:129,0
DA:130,0
DA:131,0
DA:134,0
DA:135,0
DA:139,0
DA:141,0
DA:142,0
DA:143,0
DA:144,0
DA:147,0
DA:148,0
DA:149,0
DA:150,0
DA:151,0
DA:152,0
DA:153,0
DA:155,0
DA:156,0
DA:157,0
DA:159,0
DA:160,0
DA:161,0
LF:84
LH:0
BRDA:23,0,0,0
BRDA:23,0,1,0
BRDA:34,1,0,0
BRDA:34,1,1,0
BRDA:50,2,0,0
BRDA:50,2,1,0
BRDA:70,3,0,0
BRDA:70,3,1,0
BRDA:86,4,0,0
BRDA:86,4,1,0
BRDA:105,5,0,0
BRDA:105,5,1,0
BRDA:113,6,0,0
BRDA:113,6,1,0
BRDA:118,7,0,0
BRDA:118,7,1,0
BRDA:118,8,0,0
BRDA:118,8,1,0
BRDA:141,9,0,0
BRDA:141,9,1,0
BRF:20
BRH:0
end_of_record
TN:
SF:src/commands/fix.ts
FN:25,fixCommand
FN:75,(anonymous_1)
FN:76,(anonymous_2)
FN:159,(anonymous_3)
FN:169,applyFix
FN:205,createFile
FN:236,modifyFile
FN:272,addTimeoutToGitHub
FN:317,addRetentionToArtifact
FN:384,modifyFileGeneral
FN:398,deleteFile
FNF:11
FNH:6
FNDA:3,fixCommand
FNDA:14,(anonymous_1)
FNDA:5,(anonymous_2)
FNDA:9,(anonymous_3)
FNDA:3,applyFix
FNDA:3,createFile
FNDA:0,modifyFile
FNDA:0,addTimeoutToGitHub
FNDA:0,addRetentionToArtifact
FNDA:0,modifyFileGeneral
FNDA:0,deleteFile
DA:26,3
DA:28,3
DA:29,0
DA:30,0
DA:33,3
DA:34,3
DA:35,3
DA:36,3
DA:39,3
DA:41,3
DA:42,3
DA:43,3
DA:46,3
DA:47,3
DA:48,3
DA:49,3
DA:50,3
DA:55,3
DA:56,3
DA:57,3
DA:58,3
DA:59,3
DA:64,3
DA:65,3
DA:66,0
DA:67,0
DA:68,0
DA:72,3
DA:75,14
DA:76,5
DA:78,3
DA:80,3
DA:81,3
DA:82,3
DA:84,3
DA:85,0
DA:86,0
DA:87,0
DA:89,0
DA:93,3
DA:94,3
DA:96,3
DA:97,5
DA:98,5
DA:99,5
DA:100,5
DA:103,3
DA:104,1
DA:105,1
DA:107,1
DA:108,2
DA:109,1
DA:110,1
DA:111,1
DA:115,1
DA:116,1
DA:120,2
DA:121,2
DA:122,2
DA:124,2
DA:125,2
DA:127,2
DA:128,3
DA:130,3
DA:131,3
DA:132,3
DA:133,3
DA:134,1
DA:136,0
DA:137,0
DA:138,0
DA:140,0
DA:145,2
DA:146,2
DA:147,2
DA:148,2
DA:149,2
DA:151,2
DA:152,0
DA:153,0
DA:154,0
DA:159,9
DA:160,2
DA:161,2
DA:162,2
DA:170,3
DA:171,3
DA:173,3
DA:174,3
DA:176,3
DA:179,0
DA:182,0
DA:185,0
DA:193,0
DA:206,3
DA:207,0
DA:216,3
DA:217,3
DA:218,0
DA:222,3
DA:223,3
DA:225,3
DA:237,0
DA:238,0
DA:247,0
DA:249,0
DA:252,0
DA:254,0
DA:258,0
DA:260,0
DA:273,0
DA:274,0
DA:275,0
DA:276,0
DA:278,0
DA:279,0
DA:288,0
DA:289,0
DA:290,0
DA:295,0
DA:296,0
DA:298,0
DA:305,0
DA:318,0
DA:319,0
DA:320,0
DA:321,0
DA:323,0
DA:324,0
DA:332,0
DA:335,0
DA:336,0
DA:337,0
DA:338,0
DA:339,0
DA:340,0
DA:341,0
DA:343,0
DA:344,0
DA:345,0
DA:352,0
DA:353,0
DA:362,0
DA:363,0
DA:365,0
DA:372,0
DA:386,0
DA:399,0
DA:400,0
DA:409,0
LF:150
LH:80
BRDA:28,0,0,0
BRDA:28,0,1,3
BRDA:35,1,0,1
BRDA:35,1,1,2
BRDA:36,2,0,3
BRDA:36,2,1,0
BRDA:46,3,0,3
BRDA:46,3,1,0
BRDA:46,4,0,3
BRDA:46,4,1,3
BRDA:46,4,2,3
BRDA:47,5,0,3
BRDA:47,5,1,0
BRDA:55,6,0,3
BRDA:55,6,1,0
BRDA:55,7,0,3
BRDA:55,7,1,3
BRDA:55,7,2,3
BRDA:56,8,0,3
BRDA:56,8,1,0
BRDA:64,9,0,3
BRDA:64,9,1,0
BRDA:64,10,0,3
BRDA:64,10,1,3
BRDA:64,10,2,3
BRDA:65,11,0,0
BRDA:65,11,1,3
BRDA:78,12,0,3
BRDA:78,12,1,0
BRDA:84,13,0,0
BRDA:84,13,1,3
BRDA:86,14,0,0
BRDA:86,14,1,0
BRDA:103,15,0,1
BRDA:103,15,1,2
BRDA:108,16,0,1
BRDA:108,16,1,1
BRDA:130,17,0,3
BRDA:130,17,1,0
BRDA:133,18,0,1
BRDA:133,18,1,2
BRDA:136,19,0,0
BRDA:136,19,1,0
BRDA:151,20,0,0
BRDA:151,20,1,2
BRDA:160,21,0,2
BRDA:160,21,1,0
BRDA:174,22,0,3
BRDA:174,22,1,0
BRDA:174,22,2,0
BRDA:174,22,3,0
BRDA:197,23,0,0
BRDA:197,23,1,0
BRDA:206,24,0,0
BRDA:206,24,1,3
BRDA:217,25,0,0
BRDA:217,25,1,3
BRDA:222,26,0,3
BRDA:222,26,1,2
BRDA:237,27,0,0
BRDA:237,27,1,0
BRDA:247,28,0,0
BRDA:247,28,1,0
BRDA:247,29,0,0
BRDA:247,29,1,0
BRDA:252,30,0,0
BRDA:252,30,1,0
BRDA:264,31,0,0
BRDA:264,31,1,0
BRDA:278,32,0,0
BRDA:278,32,1,0
BRDA:289,33,0,0
BRDA:289,33,1,0
BRDA:309,34,0,0
BRDA:309,34,1,0
BRDA:323,35,0,0
BRDA:323,35,1,0
BRDA:337,36,0,0
BRDA:337,36,1,0
BRDA:337,37,0,0
BRDA:337,37,1,0
BRDA:339,38,0,0
BRDA:339,38,1,0
BRDA:339,39,0,0
BRDA:339,39,1,0
BRDA:340,40,0,0
BRDA:340,40,1,0
BRDA:343,41,0,0
BRDA:343,41,1,0
BRDA:352,42,0,0
BRDA:352,42,1,0
BRDA:376,43,0,0
BRDA:376,43,1,0
BRDA:390,44,0,0
BRDA:390,44,1,0
BRDA:399,45,0,0
BRDA:399,45,1,0
BRF:97
BRH:35
end_of_record
TN:
SF:src/commands/metrics.ts
FN:19,metricsCommand
FN:71,collectMetrics
FN:89,collectDockerMetrics
FN:106,collectNpmMetrics
FN:139,getDirectorySize
FN:157,compareMetrics
FN:215,formatComparison
FNF:7
FNH:0
FNDA:0,metricsCommand
FNDA:0,collectMetrics
FNDA:0,collectDockerMetrics
FNDA:0,collectNpmMetrics
FNDA:0,getDirectorySize
FNDA:0,compareMetrics
FNDA:0,formatComparison
DA:17,0
DA:20,0
DA:21,0
DA:23,0
DA:24,0
DA:25,0
DA:29,0
DA:30,0
DA:33,0
DA:35,0
DA:36,0
DA:38,0
DA:39,0
DA:41,0
DA:42,0
DA:44,0
DA:46,0
DA:48,0
DA:49,0
DA:50,0
DA:53,0
DA:54,0
DA:55,0
DA:57,0
DA:59,0
DA:60,0
DA:61,0
DA:65,0
DA:66,0
DA:67,0
DA:72,0
DA:75,0
DA:76,0
DA:77,0
DA:81,0
DA:82,0
DA:83,0
DA:86,0
DA:98,0
DA:115,0
DA:119,0
DA:123,0
DA:124,0
DA:125,0
DA:126,0
DA:129,0
DA:140,0
DA:142,0
DA:143,0
DA:144,0
DA:145,0
DA:147,0
DA:148,0
DA:150,0
DA:154,0
DA:164,0
DA:167,0
DA:168,0
DA:180,0
DA:181,0
DA:191,0
DA:201,0
DA:212,0
DA:220,0
DA:222,0
DA:223,0
DA:225,0
DA:226,0
DA:227,0
DA:232,0
LF:70
LH:0
BRDA:23,0,0,0
BRDA:23,0,1,0
BRDA:29,1,0,0
BRDA:29,1,1,0
BRDA:33,2,0,0
BRDA:33,2,1,0
BRDA:44,3,0,0
BRDA:44,3,1,0
BRDA:48,4,0,0
BRDA:48,4,1,0
BRDA:75,5,0,0
BRDA:75,5,1,0
BRDA:81,6,0,0
BRDA:81,6,1,0
BRDA:119,7,0,0
BRDA:119,7,1,0
BRDA:120,8,0,0
BRDA:120,8,1,0
BRDA:125,9,0,0
BRDA:125,9,1,0
BRDA:147,10,0,0
BRDA:147,10,1,0
BRDA:167,11,0,0
BRDA:167,11,1,0
BRDA:167,12,0,0
BRDA:167,12,1,0
BRDA:172,13,0,0
BRDA:172,13,1,0
BRDA:180,14,0,0
BRDA:180,14,1,0
BRDA:180,15,0,0
BRDA:180,15,1,0
BRDA:185,16,0,0
BRDA:185,16,1,0
BRDA:195,17,0,0
BRDA:195,17,1,0
BRDA:205,18,0,0
BRDA:205,18,1,0
BRDA:226,19,0,0
BRDA:226,19,1,0
BRF:40
BRH:0
end_of_record
TN:
SF:src/discovery/RepoInventory.ts
FN:23,(anonymous_0)
FN:53,(anonymous_1)
FN:121,(anonymous_2)
FN:142,(anonymous_3)
FN:153,(anonymous_4)
FN:165,(anonymous_5)
FN:198,(anonymous_6)
FN:212,(anonymous_7)
FN:233,(anonymous_8)
FN:254,(anonymous_9)
FN:262,(anonymous_10)
FN:271,(anonymous_11)
FNF:12
FNH:12
FNDA:8,(anonymous_0)
FNDA:8,(anonymous_1)
FNDA:7,(anonymous_2)
FNDA:9,(anonymous_3)
FNDA:9,(anonymous_4)
FNDA:8,(anonymous_5)
FNDA:133,(anonymous_6)
FNDA:8,(anonymous_7)
FNDA:12824,(anonymous_8)
FNDA:7,(anonymous_9)
FNDA:14,(anonymous_10)
FNDA:1,(anonymous_11)
DA:24,8
DA:26,8
DA:36,8
DA:39,8
DA:42,8
DA:45,8
DA:47,8
DA:54,8
DA:63,8
DA:64,8
DA:65,7
DA:67,7
DA:68,7
DA:69,7
DA:70,7
DA:71,7
DA:72,7
DA:75,7
DA:82,8
DA:83,8
DA:84,8
DA:85,0
DA:89,8
DA:90,8
DA:91,8
DA:92,8
DA:94,8
DA:98,7
DA:102,8
DA:103,8
DA:104,7
DA:108,8
DA:111,8
DA:112,7
DA:115,8
DA:122,7
DA:125,7
DA:126,7
DA:127,7
DA:128,7
DA:129,7
DA:130,7
DA:131,7
DA:132,7
DA:133,0
DA:136,0
DA:143,9
DA:144,9
DA:145,9
DA:146,1
DA:147,1
DA:154,9
DA:155,1
DA:156,1
DA:157,1
DA:158,1
DA:159,1
DA:166,8
DA:168,8
DA:169,8
DA:171,7
DA:172,7
DA:173,7
DA:174,7
DA:177,7
DA:197,7
DA:198,133
DA:199,14
DA:206,7
DA:213,8
DA:215,8
DA:216,0
DA:219,8
DA:220,7
DA:223,8
DA:224,7
DA:227,8
DA:234,12824
DA:236,12824
DA:237,12824
DA:238,96061
DA:239,96061
DA:241,96061
DA:242,12817
DA:244,83244
DA:248,12824
DA:255,7
DA:257,7
DA:258,0
DA:261,7
DA:262,14
DA:265,7
DA:272,1
DA:274,1
DA:275,1
DA:276,1
DA:277,1
DA:278,1
DA:279,1
DA:280,1
DA:282,1
DA:283,0
DA:286,1
DA:287,0
DA:290,1
DA:291,1
DA:294,1
DA:295,1
DA:297,1
DA:298,2
DA:299,2
DA:302,1
DA:303,1
DA:304,1
DA:305,1
DA:308,1
LF:116
LH:109
BRDA:64,0,0,7
BRDA:64,0,1,1
BRDA:70,1,0,7
BRDA:70,1,1,0
BRDA:71,2,0,7
BRDA:71,2,1,0
BRDA:84,3,0,0
BRDA:84,3,1,8
BRDA:84,4,0,8
BRDA:84,4,1,8
BRDA:94,5,0,7
BRDA:94,5,1,1
BRDA:94,6,0,8
BRDA:94,6,1,1
BRDA:94,6,2,1
BRDA:94,6,3,1
BRDA:103,7,0,7
BRDA:103,7,1,1
BRDA:108,8,0,0
BRDA:108,8,1,8
BRDA:111,9,0,7
BRDA:111,9,1,1
BRDA:125,10,0,0
BRDA:125,10,1,7
BRDA:125,11,0,7
BRDA:125,11,1,7
BRDA:126,12,0,0
BRDA:126,12,1,7
BRDA:127,13,0,0
BRDA:127,13,1,7
BRDA:128,14,0,0
BRDA:128,14,1,7
BRDA:128,15,0,7
BRDA:128,15,1,7
BRDA:129,16,0,0
BRDA:129,16,1,7
BRDA:130,17,0,0
BRDA:130,17,1,7
BRDA:130,18,0,7
BRDA:130,18,1,7
BRDA:130,18,2,7
BRDA:131,19,0,0
BRDA:131,19,1,7
BRDA:131,20,0,7
BRDA:131,20,1,7
BRDA:132,21,0,7
BRDA:132,21,1,0
BRDA:133,22,0,0
BRDA:133,22,1,0
BRDA:133,23,0,0
BRDA:133,23,1,0
BRDA:143,24,0,0
BRDA:143,24,1,9
BRDA:144,25,0,0
BRDA:144,25,1,9
BRDA:145,26,0,8
BRDA:145,26,1,1
BRDA:146,27,0,0
BRDA:146,27,1,1
BRDA:154,28,0,8
BRDA:154,28,1,1
BRDA:155,29,0,0
BRDA:155,29,1,1
BRDA:156,30,0,0
BRDA:156,30,1,1
BRDA:157,31,0,0
BRDA:157,31,1,1
BRDA:158,32,0,0
BRDA:158,32,1,1
BRDA:169,33,0,1
BRDA:169,33,1,7
BRDA:198,34,0,14
BRDA:198,34,1,105
BRDA:215,35,0,0
BRDA:215,35,1,8
BRDA:219,36,0,7
BRDA:219,36,1,1
BRDA:223,37,0,7
BRDA:223,37,1,1
BRDA:241,38,0,12817
BRDA:241,38,1,83244
BRDA:257,39,0,0
BRDA:257,39,1,7
BRDA:262,40,0,14
BRDA:262,40,1,0
BRDA:276,41,0,1
BRDA:276,41,1,0
BRDA:277,42,0,1
BRDA:277,42,1,0
BRDA:282,43,0,0
BRDA:282,43,1,1
BRDA:286,44,0,0
BRDA:286,44,1,1
BRDA:290,45,0,1
BRDA:290,45,1,0
BRDA:302,46,0,1
BRDA:302,46,1,0
BRF:97
BRH:65
end_of_record
TN:
SF:src/reporters/ConsoleReporter.ts
FN:10,(anonymous_0)
FN:57,(anonymous_1)
FN:71,(anonymous_2)
FN:91,(anonymous_3)
FN:92,(anonymous_4)
FN:93,(anonymous_5)
FN:141,(anonymous_6)
FN:142,(anonymous_7)
FN:143,(anonymous_8)
FN:147,(anonymous_9)
FN:148,(anonymous_10)
FN:149,(anonymous_11)
FN:150,(anonymous_12)
FN:156,(anonymous_13)
FN:177,(anonymous_14)
FN:189,(anonymous_15)
FN:196,(anonymous_16)
FN:206,(anonymous_17)
FNF:18
FNH:0
FNDA:0,(anonymous_0)
FNDA:0,(anonymous_1)
FNDA:0,(anonymous_2)
FNDA:0,(anonymous_3)
FNDA:0,(anonymous_4)
FNDA:0,(anonymous_5)
FNDA:0,(anonymous_6)
FNDA:0,(anonymous_7)
FNDA:0,(anonymous_8)
FNDA:0,(anonymous_9)
FNDA:0,(anonymous_10)
FNDA:0,(anonymous_11)
FNDA:0,(anonymous_12)
FNDA:0,(anonymous_13)
FNDA:0,(anonymous_14)
FNDA:0,(anonymous_15)
FNDA:0,(anonymous_16)
FNDA:0,(anonymous_17)
DA:11,0
DA:14,0
DA:15,0
DA:16,0
DA:17,0
DA:18,0
DA:21,0
DA:24,0
DA:25,0
DA:26,0
DA:29,0
DA:30,0
DA:31,0
DA:34,0
DA:35,0
DA:36,0
DA:37,0
DA:38,0
DA:39,0
DA:40,0
DA:43,0
DA:44,0
DA:45,0
DA:46,0
DA:47,0
DA:48,0
DA:49,0
DA:50,0
DA:51,0
DA:52,0
DA:56,0
DA:57,0
DA:60,0
DA:61,0
DA:62,0
DA:64,0
DA:65,0
DA:70,0
DA:71,0
DA:74,0
DA:75,0
DA:76,0
DA:77,0
DA:79,0
DA:80,0
DA:81,0
DA:82,0
DA:87,0
DA:88,0
DA:89,0
DA:91,0
DA:92,0
DA:93,0
DA:95,0
DA:96,0
DA:97,0
DA:98,0
DA:99,0
DA:100,0
DA:104,0
DA:105,0
DA:106,0
DA:107,0
DA:108,0
DA:109,0
DA:113,0
DA:114,0
DA:115,0
DA:116,0
DA:117,0
DA:118,0
DA:123,0
DA:124,0
DA:125,0
DA:127,0
DA:128,0
DA:130,0
DA:131,0
DA:133,0
DA:134,0
DA:136,0
DA:138,0
DA:142,0
DA:143,0
DA:145,0
DA:147,0
DA:148,0
DA:149,0
DA:150,0
DA:153,0
DA:157,0
DA:158,0
DA:160,0
DA:162,0
DA:163,0
DA:166,0
DA:168,0
DA:169,0
DA:171,0
DA:174,0
DA:178,0
DA:180,0
DA:181,0
DA:182,0
DA:183,0
DA:186,0
DA:190,0
DA:191,0
DA:192,0
DA:193,0
DA:197,0
DA:198,0
DA:199,0
DA:200,0
DA:201,0
DA:202,0
DA:207,0
LF:117
LH:0
BRDA:25,0,0,0
BRDA:25,0,1,0
BRDA:25,1,0,0
BRDA:25,1,1,0
BRDA:36,2,0,0
BRDA:36,2,1,0
BRDA:38,3,0,0
BRDA:38,3,1,0
BRDA:39,4,0,0
BRDA:39,4,1,0
BRDA:43,5,0,0
BRDA:43,5,1,0
BRDA:47,6,0,0
BRDA:47,6,1,0
BRDA:48,7,0,0
BRDA:48,7,1,0
BRDA:49,8,0,0
BRDA:49,8,1,0
BRDA:50,9,0,0
BRDA:50,9,1,0
BRDA:57,10,0,0
BRDA:57,10,1,0
BRDA:60,11,0,0
BRDA:60,11,1,0
BRDA:71,12,0,0
BRDA:71,12,1,0
BRDA:74,13,0,0
BRDA:74,13,1,0
BRDA:93,14,0,0
BRDA:93,14,1,0
BRDA:95,15,0,0
BRDA:95,15,1,0
BRDA:99,16,0,0
BRDA:99,16,1,0
BRDA:104,17,0,0
BRDA:104,17,1,0
BRDA:108,18,0,0
BRDA:108,18,1,0
BRDA:113,19,0,0
BRDA:113,19,1,0
BRDA:117,20,0,0
BRDA:117,20,1,0
BRDA:127,21,0,0
BRDA:127,21,1,0
BRDA:130,22,0,0
BRDA:130,22,1,0
BRDA:133,23,0,0
BRDA:133,23,1,0
BRDA:156,24,0,0
BRDA:162,25,0,0
BRDA:162,25,1,0
BRDA:168,26,0,0
BRDA:168,26,1,0
BRDA:182,27,0,0
BRDA:182,27,1,0
BRDA:190,28,0,0
BRDA:190,28,1,0
BRDA:191,29,0,0
BRDA:191,29,1,0
BRDA:192,30,0,0
BRDA:192,30,1,0
BRDA:197,31,0,0
BRDA:197,31,1,0
BRDA:197,31,2,0
BRDA:197,31,3,0
BRDA:197,31,4,0
BRF:66
BRH:0
end_of_record
TN:
SF:src/reporters/MarkdownReporter.ts
FN:9,(anonymous_0)
FN:69,(anonymous_1)
FN:70,(anonymous_2)
FN:71,(anonymous_3)
FN:119,(anonymous_4)
FN:151,(anonymous_5)
FN:166,(anonymous_6)
FNF:7
FNH:0
FNDA:0,(anonymous_0)
FNDA:0,(anonymous_1)
FNDA:0,(anonymous_2)
FNDA:0,(anonymous_3)
FNDA:0,(anonymous_4)
FNDA:0,(anonymous_5)
FNDA:0,(anonymous_6)
DA:10,0
DA:13,0
DA:14,0
DA:15,0
DA:16,0
DA:17,0
DA:18,0
DA:21,0
DA:22,0
DA:23,0
DA:24,0
DA:25,0
DA:26,0
DA:27,0
DA:28,0
DA:29,0
DA:32,0
DA:33,0
DA:34,0
DA:36,0
DA:37,0
DA:42,0
DA:43,0
DA:44,0
DA:46,0
DA:47,0
DA:48,0
DA:49,0
DA:51,0
DA:55,0
DA:56,0
DA:57,0
DA:59,0
DA:60,0
DA:62,0
DA:66,0
DA:67,0
DA:69,0
DA:70,0
DA:71,0
DA:73,0
DA:74,0
DA:75,0
DA:76,0
DA:79,0
DA:80,0
DA:81,0
DA:82,0
DA:85,0
DA:86,0
DA:87,0
DA:88,0
DA:92,0
DA:93,0
DA:94,0
DA:95,0
DA:97,0
DA:98,0
DA:100,0
DA:101,0
DA:103,0
DA:104,0
DA:106,0
DA:107,0
DA:109,0
DA:112,0
DA:113,0
DA:114,0
DA:116,0
DA:120,0
DA:122,0
DA:129,0
DA:130,0
DA:131,0
DA:132,0
DA:134,0
DA:135,0
DA:138,0
DA:139,0
DA:141,0
DA:142,0
DA:144,0
DA:146,0
DA:148,0
DA:152,0
DA:154,0
DA:155,0
DA:157,0
DA:158,0
DA:159,0
DA:161,0
DA:163,0
DA:167,0
LF:93
LH:0
BRDA:25,0,0,0
BRDA:25,0,1,0
BRDA:27,1,0,0
BRDA:27,1,1,0
BRDA:28,2,0,0
BRDA:28,2,1,0
BRDA:32,3,0,0
BRDA:32,3,1,0
BRDA:42,4,0,0
BRDA:42,4,1,0
BRDA:55,5,0,0
BRDA:55,5,1,0
BRDA:73,6,0,0
BRDA:73,6,1,0
BRDA:79,7,0,0
BRDA:79,7,1,0
BRDA:85,8,0,0
BRDA:85,8,1,0
BRDA:97,9,0,0
BRDA:97,9,1,0
BRDA:100,10,0,0
BRDA:100,10,1,0
BRDA:103,11,0,0
BRDA:103,11,1,0
BRDA:106,12,0,0
BRDA:106,12,1,0
BRDA:134,13,0,0
BRDA:134,13,1,0
BRDA:141,14,0,0
BRDA:141,14,1,0
BRDA:158,15,0,0
BRDA:158,15,1,0
BRF:32
BRH:0
end_of_record
