TN:
SF:src/analyzers/DockerAnalyzer.ts
FN:13,(anonymous_0)
FN:19,(anonymous_1)
FN:138,(anonymous_2)
FN:146,(anonymous_3)
FN:150,(anonymous_4)
FN:154,(anonymous_5)
FN:159,(anonymous_6)
FN:163,(anonymous_7)
FN:170,(anonymous_8)
FN:175,(anonymous_9)
FN:178,(anonymous_10)
FN:181,(anonymous_11)
FN:184,(anonymous_12)
FN:187,(anonymous_13)
FN:194,(anonymous_14)
FN:197,(anonymous_15)
FN:200,(anonymous_16)
FNF:17
FNH:17
FNDA:3,(anonymous_0)
FNDA:9,(anonymous_1)
FNDA:9,(anonymous_2)
FNDA:9,(anonymous_3)
FNDA:9,(anonymous_4)
FNDA:9,(anonymous_5)
FNDA:9,(anonymous_6)
FNDA:9,(anonymous_7)
FNDA:9,(anonymous_8)
FNDA:9,(anonymous_9)
FNDA:9,(anonymous_10)
FNDA:18,(anonymous_11)
FNDA:26,(anonymous_12)
FNDA:42,(anonymous_13)
FNDA:9,(anonymous_14)
FNDA:9,(anonymous_15)
FNDA:18,(anonymous_16)
DA:11,2
DA:14,3
DA:15,3
DA:16,3
DA:20,9
DA:21,9
DA:22,9
DA:25,9
DA:26,9
DA:29,9
DA:30,9
DA:37,9
DA:38,9
DA:48,9
DA:49,9
DA:50,8
DA:57,8
DA:58,8
DA:68,9
DA:69,9
DA:70,8
DA:77,8
DA:78,8
DA:88,9
DA:89,9
DA:90,8
DA:97,8
DA:101,9
DA:102,9
DA:103,9
DA:110,9
DA:114,9
DA:119,9
DA:121,9
DA:128,9
DA:139,9
DA:140,9
DA:142,9
DA:143,9
DA:147,9
DA:151,9
DA:155,9
DA:156,9
DA:160,9
DA:164,9
DA:165,9
DA:166,9
DA:167,9
DA:171,9
DA:176,9
DA:178,9
DA:179,9
DA:181,18
DA:182,8
DA:184,26
DA:185,8
DA:187,42
DA:188,9
DA:191,9
DA:195,9
DA:197,9
DA:198,9
DA:200,18
DA:201,8
DA:204,9
LF:65
LH:65
BRDA:16,0,0,3
BRDA:16,0,1,2
BRDA:29,1,0,9
BRDA:49,2,0,8
BRDA:69,3,0,8
BRDA:69,4,0,9
BRDA:69,4,1,9
BRDA:89,5,0,8
BRDA:102,6,0,9
BRDA:119,7,0,9
BRDA:119,7,1,0
BRDA:125,8,0,0
BRDA:125,8,1,9
BRDA:142,9,0,9
BRDA:142,9,1,0
BRDA:156,10,0,9
BRDA:156,10,1,0
BRDA:160,11,0,9
BRDA:160,11,1,8
BRDA:160,11,2,8
BRDA:164,12,0,9
BRDA:164,12,1,0
BRDA:165,13,0,9
BRDA:165,13,1,0
BRDA:166,14,0,9
BRDA:166,14,1,9
BRDA:171,15,0,9
BRDA:171,15,1,9
BRDA:178,16,0,9
BRDA:181,17,0,8
BRDA:184,18,0,8
BRDA:187,19,0,9
BRDA:197,20,0,9
BRDA:200,21,0,8
BRF:34
BRH:28
end_of_record
TN:
SF:src/analyzers/NpmAnalyzer.ts
FN:14,(anonymous_0)
FN:18,(anonymous_1)
FN:126,(anonymous_2)
FN:131,(anonymous_3)
FN:167,(anonymous_4)
FN:185,(anonymous_5)
FN:191,(anonymous_6)
FNF:7
FNH:7
FNDA:1,(anonymous_0)
FNDA:1,(anonymous_1)
FNDA:1,(anonymous_2)
FNDA:1,(anonymous_3)
FNDA:1286,(anonymous_4)
FNDA:1,(anonymous_5)
FNDA:1,(anonymous_6)
DA:12,1
DA:15,1
DA:19,1
DA:20,1
DA:21,1
DA:24,1
DA:25,1
DA:28,1
DA:31,1
DA:32,0
DA:38,0
DA:39,0
DA:49,1
DA:50,0
DA:56,0
DA:60,1
DA:61,1
DA:62,0
DA:68,0
DA:72,1
DA:73,0
DA:79,0
DA:83,1
DA:84,1
DA:85,0
DA:86,0
DA:96,1
DA:97,1
DA:99,1
DA:100,0
DA:109,1
DA:110,1
DA:116,1
DA:127,1
DA:128,1
DA:132,1
DA:133,1
DA:136,1
DA:137,1
DA:138,1
DA:143,0
DA:144,0
DA:151,1
DA:152,1
DA:153,1
DA:154,1
DA:157,1
DA:168,1286
DA:170,1286
DA:171,1286
DA:172,10068
DA:173,10068
DA:175,10068
DA:176,1285
DA:178,8783
DA:182,1286
DA:188,1
DA:193,1
DA:201,1
DA:206,1
LF:60
LH:46
BRDA:31,0,0,0
BRDA:49,1,0,0
BRDA:61,2,0,0
BRDA:72,3,0,0
BRDA:85,4,0,0
BRDA:96,5,0,1
BRDA:96,5,1,0
BRDA:97,6,0,1
BRDA:97,6,1,0
BRDA:99,7,0,0
BRDA:113,8,0,0
BRDA:113,8,1,1
BRDA:132,9,0,1
BRDA:132,9,1,0
BRDA:133,10,0,1
BRDA:133,10,1,0
BRDA:144,11,0,0
BRDA:144,11,1,0
BRDA:145,12,0,0
BRDA:145,12,1,0
BRDA:153,13,0,1
BRDA:175,14,0,1285
BRDA:175,14,1,8783
BRF:23
BRH:8
end_of_record
TN:
SF:src/commands/analyze.ts
FN:18,analyzeCommand
FN:70,(anonymous_1)
FN:74,(anonymous_2)
FN:75,(anonymous_3)
FN:77,(anonymous_4)
FNF:5
FNH:0
FNDA:0,analyzeCommand
FNDA:0,(anonymous_1)
FNDA:0,(anonymous_2)
FNDA:0,(anonymous_3)
FNDA:0,(anonymous_4)
DA:19,0
DA:22,0
DA:23,0
DA:24,0
DA:27,0
DA:30,0
DA:31,0
DA:33,0
DA:41,0
DA:44,0
DA:45,0
DA:46,0
DA:47,0
DA:48,0
DA:49,0
DA:51,0
DA:56,0
DA:57,0
DA:58,0
DA:59,0
DA:60,0
DA:61,0
DA:63,0
DA:68,0
DA:69,0
DA:70,0
DA:73,0
DA:74,0
DA:75,0
DA:77,0
DA:83,0
DA:84,0
DA:86,0
DA:88,0
DA:89,0
DA:91,0
DA:92,0
DA:93,0
DA:94,0
DA:96,0
LF:40
LH:0
BRDA:22,0,0,0
BRDA:44,1,0,0
BRDA:44,2,0,0
BRDA:44,2,1,0
BRDA:45,3,0,0
BRDA:45,3,1,0
BRDA:56,4,0,0
BRDA:56,5,0,0
BRDA:56,5,1,0
BRDA:57,6,0,0
BRDA:57,6,1,0
BRDA:68,7,0,0
BRDA:86,8,0,0
BRDA:86,8,1,0
BRDA:86,8,2,0
BRF:15
BRH:0
end_of_record
TN:
SF:src/commands/fix.ts
FN:18,fixCommand
FN:75,(anonymous_1)
FN:76,(anonymous_2)
FN:84,applyDockerFix
FN:150,applyNpmFix
FNF:5
FNH:0
FNDA:0,fixCommand
FNDA:0,(anonymous_1)
FNDA:0,(anonymous_2)
FNDA:0,applyDockerFix
FNDA:0,applyNpmFix
DA:19,0
DA:21,0
DA:22,0
DA:23,0
DA:26,0
DA:27,0
DA:28,0
DA:30,0
DA:33,0
DA:34,0
DA:35,0
DA:37,0
DA:38,0
DA:39,0
DA:40,0
DA:43,0
DA:44,0
DA:45,0
DA:46,0
DA:53,0
DA:54,0
DA:55,0
DA:57,0
DA:58,0
DA:59,0
DA:60,0
DA:63,0
DA:64,0
DA:65,0
DA:66,0
DA:73,0
DA:74,0
DA:75,0
DA:76,0
DA:78,0
DA:79,0
DA:80,0
DA:90,0
DA:91,0
DA:93,0
DA:94,0
DA:97,0
DA:134,0
DA:135,0
DA:138,0
DA:147,0
DA:156,0
DA:160,0
DA:169,0
LF:49
LH:0
BRDA:21,0,0,0
BRDA:27,1,0,0
BRDA:27,1,1,0
BRDA:28,2,0,0
BRDA:28,2,1,0
BRDA:34,3,0,0
BRDA:38,4,0,0
BRDA:38,5,0,0
BRDA:38,5,1,0
BRDA:43,6,0,0
BRDA:45,7,0,0
BRDA:54,8,0,0
BRDA:58,9,0,0
BRDA:58,10,0,0
BRDA:58,10,1,0
BRDA:63,11,0,0
BRDA:65,12,0,0
BRDA:78,13,0,0
BRDA:90,14,0,0
BRDA:93,15,0,0
BRDA:134,16,0,0
BRDA:156,17,0,0
BRF:22
BRH:0
end_of_record
TN:
SF:src/commands/metrics.ts
FN:19,metricsCommand
FN:71,collectMetrics
FN:89,collectDockerMetrics
FN:106,collectNpmMetrics
FN:139,getDirectorySize
FN:157,compareMetrics
FN:215,formatComparison
FNF:7
FNH:0
FNDA:0,metricsCommand
FNDA:0,collectMetrics
FNDA:0,collectDockerMetrics
FNDA:0,collectNpmMetrics
FNDA:0,getDirectorySize
FNDA:0,compareMetrics
FNDA:0,formatComparison
DA:17,0
DA:20,0
DA:21,0
DA:23,0
DA:24,0
DA:25,0
DA:29,0
DA:30,0
DA:33,0
DA:35,0
DA:36,0
DA:38,0
DA:39,0
DA:41,0
DA:42,0
DA:44,0
DA:46,0
DA:48,0
DA:49,0
DA:50,0
DA:53,0
DA:54,0
DA:55,0
DA:57,0
DA:59,0
DA:60,0
DA:61,0
DA:65,0
DA:66,0
DA:67,0
DA:72,0
DA:75,0
DA:76,0
DA:77,0
DA:81,0
DA:82,0
DA:83,0
DA:86,0
DA:98,0
DA:115,0
DA:119,0
DA:123,0
DA:124,0
DA:125,0
DA:126,0
DA:129,0
DA:140,0
DA:142,0
DA:143,0
DA:144,0
DA:145,0
DA:147,0
DA:148,0
DA:150,0
DA:154,0
DA:164,0
DA:167,0
DA:168,0
DA:180,0
DA:181,0
DA:191,0
DA:201,0
DA:212,0
DA:220,0
DA:222,0
DA:223,0
DA:225,0
DA:226,0
DA:227,0
DA:232,0
LF:70
LH:0
BRDA:23,0,0,0
BRDA:29,1,0,0
BRDA:33,2,0,0
BRDA:33,2,1,0
BRDA:44,3,0,0
BRDA:44,3,1,0
BRDA:48,4,0,0
BRDA:75,5,0,0
BRDA:81,6,0,0
BRDA:119,7,0,0
BRDA:119,7,1,0
BRDA:120,8,0,0
BRDA:120,8,1,0
BRDA:125,9,0,0
BRDA:147,10,0,0
BRDA:147,10,1,0
BRDA:167,11,0,0
BRDA:167,12,0,0
BRDA:167,12,1,0
BRDA:172,13,0,0
BRDA:172,13,1,0
BRDA:180,14,0,0
BRDA:180,15,0,0
BRDA:180,15,1,0
BRDA:185,16,0,0
BRDA:185,16,1,0
BRDA:195,17,0,0
BRDA:195,17,1,0
BRDA:205,18,0,0
BRDA:205,18,1,0
BRDA:226,19,0,0
BRDA:226,19,1,0
BRF:32
BRH:0
end_of_record
TN:
SF:src/reporters/ConsoleReporter.ts
FN:10,(anonymous_0)
FN:62,(anonymous_1)
FN:100,(anonymous_2)
FN:107,(anonymous_3)
FN:117,(anonymous_4)
FNF:5
FNH:0
FNDA:0,(anonymous_0)
FNDA:0,(anonymous_1)
FNDA:0,(anonymous_2)
FNDA:0,(anonymous_3)
FNDA:0,(anonymous_4)
DA:11,0
DA:14,0
DA:15,0
DA:16,0
DA:17,0
DA:18,0
DA:21,0
DA:22,0
DA:23,0
DA:26,0
DA:27,0
DA:31,0
DA:32,0
DA:36,0
DA:37,0
DA:41,0
DA:42,0
DA:46,0
DA:47,0
DA:51,0
DA:52,0
DA:53,0
DA:54,0
DA:55,0
DA:56,0
DA:57,0
DA:59,0
DA:63,0
DA:65,0
DA:66,0
DA:67,0
DA:68,0
DA:69,0
DA:72,0
DA:73,0
DA:74,0
DA:75,0
DA:76,0
DA:77,0
DA:78,0
DA:81,0
DA:85,0
DA:86,0
DA:87,0
DA:88,0
DA:91,0
DA:92,0
DA:94,0
DA:97,0
DA:101,0
DA:102,0
DA:103,0
DA:104,0
DA:108,0
DA:109,0
DA:110,0
DA:111,0
DA:112,0
DA:113,0
DA:118,0
DA:125,0
LF:61
LH:0
BRDA:26,0,0,0
BRDA:31,1,0,0
BRDA:36,2,0,0
BRDA:41,3,0,0
BRDA:46,4,0,0
BRDA:72,5,0,0
BRDA:77,6,0,0
BRDA:85,7,0,0
BRDA:88,8,0,0
BRDA:88,8,1,0
BRDA:101,9,0,0
BRDA:102,10,0,0
BRDA:103,11,0,0
BRDA:108,12,0,0
BRDA:108,12,1,0
BRDA:108,12,2,0
BRDA:108,12,3,0
BRDA:108,12,4,0
BRDA:125,13,0,0
BRDA:125,13,1,0
BRF:20
BRH:0
end_of_record
